
*** Running vivado
    with args -log cnt.vds -m64 -product Vivado -mode batch -messageDb vivado.pb -notrace -source cnt.tcl


****** Vivado v2023.1 (64-bit)
  **** SW Build 3865809 on Sun May  7 15:04:56 MDT 2023
  **** IP Build 3864474 on Sun May  7 20:36:21 MDT 2023
  **** SharedData Build 3865790 on Sun May 07 13:33:03 MDT 2023
    ** Copyright 1986-2022 Xilinx, Inc. All Rights Reserved.
    ** Copyright 2022-2023 Advanced Micro Devices, Inc. All Rights Reserved.

source cnt.tcl -notrace
create_project: Time (s): cpu = 00:00:05 ; elapsed = 00:00:06 . Memory (MB): peak = 1339.309 ; gain = 0.023 ; free physical = 8797 ; free virtual = 13516
Command: read_checkpoint -auto_incremental -incremental /home/stud2021/1kolanko/JOS/lab2/lab2/lab2.srcs/utils_1/imports/synth_1/cnt.dcp
INFO: [Vivado 12-5825] Read reference checkpoint from /home/stud2021/1kolanko/JOS/lab2/lab2/lab2.srcs/utils_1/imports/synth_1/cnt.dcp for incremental synthesis
INFO: [Vivado 12-7989] Please ensure there are no constraint changes
Command: synth_design -top cnt -part xc7z020clg484-1
Starting synth_design
Attempting to get a license for feature 'Synthesis' and/or device 'xc7z020'
INFO: [Common 17-349] Got license for feature 'Synthesis' and/or device 'xc7z020'
INFO: [Device 21-403] Loading part xc7z020clg484-1
INFO: [Designutils 20-5440] No compile time benefit to using incremental synthesis; A full resynthesis will be run
INFO: [Designutils 20-4379] Flow is switching to default flow due to incremental criteria not met. If you would like to alter this behaviour and have the flow terminate instead, please set the following parameter config_implementation {autoIncr.Synth.RejectBehavior Terminate}
INFO: [Synth 8-7079] Multithreading enabled for synth_design using a maximum of 4 processes.
INFO: [Synth 8-7078] Launching helper process for spawning children vivado processes
INFO: [Synth 8-7075] Helper process launched with PID 23526
---------------------------------------------------------------------------------
Starting RTL Elaboration : Time (s): cpu = 00:00:03 ; elapsed = 00:00:03 . Memory (MB): peak = 2063.617 ; gain = 377.770 ; free physical = 7816 ; free virtual = 12534
---------------------------------------------------------------------------------
INFO: [Synth 8-6157] synthesizing module 'cnt' [/home/stud2021/1kolanko/JOS/lab2/lab2/lab2.srcs/sources_1/new/cnt.sv:25]
WARNING: [Synth 8-4446] all outputs are unconnected for this instance and logic may be removed [/home/stud2021/1kolanko/JOS/lab2/lab2/lab2.srcs/sources_1/new/cnt.sv:56]
INFO: [Synth 8-6157] synthesizing module 'ila_scope' [/home/stud2021/1kolanko/JOS/lab2/lab2/lab2.runs/synth_1/.Xil/Vivado-23480-stud209-4/realtime/ila_scope_stub.v:6]
INFO: [Synth 8-6155] done synthesizing module 'ila_scope' (0#1) [/home/stud2021/1kolanko/JOS/lab2/lab2/lab2.runs/synth_1/.Xil/Vivado-23480-stud209-4/realtime/ila_scope_stub.v:6]
INFO: [Synth 8-6155] done synthesizing module 'cnt' (0#1) [/home/stud2021/1kolanko/JOS/lab2/lab2/lab2.srcs/sources_1/new/cnt.sv:25]
INFO: [Synth 8-6071] Mark debug on the nets applies keep_hierarchy on instance 'monitor'. This will prevent further optimization [/home/stud2021/1kolanko/JOS/lab2/lab2/lab2.srcs/sources_1/new/cnt.sv:56]
---------------------------------------------------------------------------------
Finished RTL Elaboration : Time (s): cpu = 00:00:04 ; elapsed = 00:00:05 . Memory (MB): peak = 2133.555 ; gain = 447.707 ; free physical = 7728 ; free virtual = 12446
---------------------------------------------------------------------------------
---------------------------------------------------------------------------------
Start Handling Custom Attributes
---------------------------------------------------------------------------------
---------------------------------------------------------------------------------
Finished Handling Custom Attributes : Time (s): cpu = 00:00:04 ; elapsed = 00:00:05 . Memory (MB): peak = 2148.398 ; gain = 462.551 ; free physical = 7725 ; free virtual = 12444
---------------------------------------------------------------------------------
---------------------------------------------------------------------------------
Finished RTL Optimization Phase 1 : Time (s): cpu = 00:00:04 ; elapsed = 00:00:05 . Memory (MB): peak = 2148.398 ; gain = 462.551 ; free physical = 7725 ; free virtual = 12444
---------------------------------------------------------------------------------
Netlist sorting complete. Time (s): cpu = 00:00:00 ; elapsed = 00:00:00 . Memory (MB): peak = 2148.398 ; gain = 0.000 ; free physical = 7725 ; free virtual = 12444
INFO: [Project 1-570] Preparing netlist for logic optimization

Processing XDC Constraints
Initializing timing engine
Parsing XDC File [/home/stud2021/1kolanko/JOS/lab2/lab2/lab2.gen/sources_1/ip/ila_scope/ila_scope/ila_scope_in_context.xdc] for cell 'monitor'
Finished Parsing XDC File [/home/stud2021/1kolanko/JOS/lab2/lab2/lab2.gen/sources_1/ip/ila_scope/ila_scope/ila_scope_in_context.xdc] for cell 'monitor'
Parsing XDC File [/home/stud2021/1kolanko/JOS/lab2/lab2/lab2.srcs/constrs_1/imports/tmp/timing.xdc]
Finished Parsing XDC File [/home/stud2021/1kolanko/JOS/lab2/lab2/lab2.srcs/constrs_1/imports/tmp/timing.xdc]
Completed Processing XDC Constraints

Netlist sorting complete. Time (s): cpu = 00:00:00 ; elapsed = 00:00:00 . Memory (MB): peak = 2241.172 ; gain = 0.000 ; free physical = 7717 ; free virtual = 12436
INFO: [Project 1-111] Unisim Transformation Summary:
No Unisim elements were transformed.

Constraint Validation Runtime : Time (s): cpu = 00:00:00 ; elapsed = 00:00:00.01 . Memory (MB): peak = 2241.172 ; gain = 0.000 ; free physical = 7717 ; free virtual = 12436
INFO: [Designutils 20-5440] No compile time benefit to using incremental synthesis; A full resynthesis will be run
INFO: [Designutils 20-4379] Flow is switching to default flow due to incremental criteria not met. If you would like to alter this behaviour and have the flow terminate instead, please set the following parameter config_implementation {autoIncr.Synth.RejectBehavior Terminate}
---------------------------------------------------------------------------------
Finished Constraint Validation : Time (s): cpu = 00:00:09 ; elapsed = 00:00:10 . Memory (MB): peak = 2241.172 ; gain = 555.324 ; free physical = 7713 ; free virtual = 12432
---------------------------------------------------------------------------------
---------------------------------------------------------------------------------
Start Loading Part and Timing Information
---------------------------------------------------------------------------------
Loading part: xc7z020clg484-1
---------------------------------------------------------------------------------
Finished Loading Part and Timing Information : Time (s): cpu = 00:00:09 ; elapsed = 00:00:10 . Memory (MB): peak = 2241.172 ; gain = 555.324 ; free physical = 7713 ; free virtual = 12432
---------------------------------------------------------------------------------
---------------------------------------------------------------------------------
Start Applying 'set_property' XDC Constraints
---------------------------------------------------------------------------------
Applied set_property KEEP_HIERARCHY = SOFT for monitor. (constraint file  auto generated constraint).
---------------------------------------------------------------------------------
Finished applying 'set_property' XDC Constraints : Time (s): cpu = 00:00:09 ; elapsed = 00:00:10 . Memory (MB): peak = 2241.172 ; gain = 555.324 ; free physical = 7713 ; free virtual = 12432
---------------------------------------------------------------------------------
---------------------------------------------------------------------------------
Finished RTL Optimization Phase 2 : Time (s): cpu = 00:00:09 ; elapsed = 00:00:10 . Memory (MB): peak = 2241.172 ; gain = 555.324 ; free physical = 7710 ; free virtual = 12430
---------------------------------------------------------------------------------
---------------------------------------------------------------------------------
Start RTL Component Statistics 
---------------------------------------------------------------------------------
Detailed RTL Component Info : 
+---Adders : 
	   2 Input    8 Bit       Adders := 1     
+---Registers : 
	                8 Bit    Registers := 1     
	                2 Bit    Registers := 2     
+---Muxes : 
	   2 Input    2 Bit        Muxes := 1     
---------------------------------------------------------------------------------
Finished RTL Component Statistics 
---------------------------------------------------------------------------------
---------------------------------------------------------------------------------
Start Part Resource Summary
---------------------------------------------------------------------------------
Part Resources:
DSPs: 220 (col length:60)
BRAMs: 280 (col length: RAMB18 60 RAMB36 30)
---------------------------------------------------------------------------------
Finished Part Resource Summary
---------------------------------------------------------------------------------
---------------------------------------------------------------------------------
Start Cross Boundary and Area Optimization
---------------------------------------------------------------------------------
WARNING: [Synth 8-7080] Parallel synthesis criteria is not met
---------------------------------------------------------------------------------
Finished Cross Boundary and Area Optimization : Time (s): cpu = 00:00:10 ; elapsed = 00:00:11 . Memory (MB): peak = 2241.172 ; gain = 555.324 ; free physical = 7701 ; free virtual = 12425
---------------------------------------------------------------------------------
---------------------------------------------------------------------------------
Start Applying XDC Timing Constraints
---------------------------------------------------------------------------------
---------------------------------------------------------------------------------
Finished Applying XDC Timing Constraints : Time (s): cpu = 00:00:14 ; elapsed = 00:00:15 . Memory (MB): peak = 2241.172 ; gain = 555.324 ; free physical = 7701 ; free virtual = 12425
---------------------------------------------------------------------------------
---------------------------------------------------------------------------------
Start Timing Optimization
---------------------------------------------------------------------------------
---------------------------------------------------------------------------------
Finished Timing Optimization : Time (s): cpu = 00:00:14 ; elapsed = 00:00:15 . Memory (MB): peak = 2241.172 ; gain = 555.324 ; free physical = 7701 ; free virtual = 12425
---------------------------------------------------------------------------------
---------------------------------------------------------------------------------
Start Technology Mapping
---------------------------------------------------------------------------------
---------------------------------------------------------------------------------
Finished Technology Mapping : Time (s): cpu = 00:00:14 ; elapsed = 00:00:15 . Memory (MB): peak = 2241.172 ; gain = 555.324 ; free physical = 7701 ; free virtual = 12424
---------------------------------------------------------------------------------
---------------------------------------------------------------------------------
Start IO Insertion
---------------------------------------------------------------------------------
---------------------------------------------------------------------------------
Start Flattening Before IO Insertion
---------------------------------------------------------------------------------
---------------------------------------------------------------------------------
Finished Flattening Before IO Insertion
---------------------------------------------------------------------------------
---------------------------------------------------------------------------------
Start Final Netlist Cleanup
---------------------------------------------------------------------------------
---------------------------------------------------------------------------------
Finished Final Netlist Cleanup
---------------------------------------------------------------------------------
---------------------------------------------------------------------------------
Finished IO Insertion : Time (s): cpu = 00:00:17 ; elapsed = 00:00:18 . Memory (MB): peak = 2241.172 ; gain = 555.324 ; free physical = 7701 ; free virtual = 12424
---------------------------------------------------------------------------------
---------------------------------------------------------------------------------
Start Renaming Generated Instances
---------------------------------------------------------------------------------
---------------------------------------------------------------------------------
Finished Renaming Generated Instances : Time (s): cpu = 00:00:17 ; elapsed = 00:00:18 . Memory (MB): peak = 2241.172 ; gain = 555.324 ; free physical = 7701 ; free virtual = 12424
---------------------------------------------------------------------------------
---------------------------------------------------------------------------------
Start Rebuilding User Hierarchy
---------------------------------------------------------------------------------
---------------------------------------------------------------------------------
Finished Rebuilding User Hierarchy : Time (s): cpu = 00:00:17 ; elapsed = 00:00:18 . Memory (MB): peak = 2241.172 ; gain = 555.324 ; free physical = 7701 ; free virtual = 12424
---------------------------------------------------------------------------------
---------------------------------------------------------------------------------
Start Renaming Generated Ports
---------------------------------------------------------------------------------
---------------------------------------------------------------------------------
Finished Renaming Generated Ports : Time (s): cpu = 00:00:17 ; elapsed = 00:00:18 . Memory (MB): peak = 2241.172 ; gain = 555.324 ; free physical = 7701 ; free virtual = 12424
---------------------------------------------------------------------------------
---------------------------------------------------------------------------------
Start Handling Custom Attributes
---------------------------------------------------------------------------------
---------------------------------------------------------------------------------
Finished Handling Custom Attributes : Time (s): cpu = 00:00:17 ; elapsed = 00:00:18 . Memory (MB): peak = 2241.172 ; gain = 555.324 ; free physical = 7701 ; free virtual = 12424
---------------------------------------------------------------------------------
---------------------------------------------------------------------------------
Start Renaming Generated Nets
---------------------------------------------------------------------------------
---------------------------------------------------------------------------------
Finished Renaming Generated Nets : Time (s): cpu = 00:00:17 ; elapsed = 00:00:18 . Memory (MB): peak = 2241.172 ; gain = 555.324 ; free physical = 7701 ; free virtual = 12424
---------------------------------------------------------------------------------
---------------------------------------------------------------------------------
Start Writing Synthesis Report
---------------------------------------------------------------------------------

Report BlackBoxes: 
+------+--------------+----------+
|      |BlackBox name |Instances |
+------+--------------+----------+
|1     |ila_scope     |         1|
+------+--------------+----------+

Report Cell Usage: 
+------+----------+------+
|      |Cell      |Count |
+------+----------+------+
|1     |ila_scope |     1|
|2     |BUFG      |     1|
|3     |CARRY4    |     2|
|4     |LUT2      |    10|
|5     |LUT3      |     3|
|6     |FDCE      |    12|
|7     |IBUF      |     6|
|8     |OBUF      |     8|
+------+----------+------+
---------------------------------------------------------------------------------
Finished Writing Synthesis Report : Time (s): cpu = 00:00:17 ; elapsed = 00:00:18 . Memory (MB): peak = 2241.172 ; gain = 555.324 ; free physical = 7701 ; free virtual = 12424
---------------------------------------------------------------------------------
Synthesis finished with 0 errors, 0 critical warnings and 1 warnings.
Synthesis Optimization Runtime : Time (s): cpu = 00:00:16 ; elapsed = 00:00:17 . Memory (MB): peak = 2241.172 ; gain = 462.551 ; free physical = 7701 ; free virtual = 12424
Synthesis Optimization Complete : Time (s): cpu = 00:00:17 ; elapsed = 00:00:18 . Memory (MB): peak = 2241.172 ; gain = 555.324 ; free physical = 7701 ; free virtual = 12424
INFO: [Project 1-571] Translating synthesized netlist
Netlist sorting complete. Time (s): cpu = 00:00:00.01 ; elapsed = 00:00:00 . Memory (MB): peak = 2241.172 ; gain = 0.000 ; free physical = 7956 ; free virtual = 12679
INFO: [Netlist 29-17] Analyzing 2 Unisim elements for replacement
INFO: [Netlist 29-28] Unisim Transformation completed in 2 CPU seconds
INFO: [Project 1-570] Preparing netlist for logic optimization
INFO: [Opt 31-138] Pushed 0 inverter(s) to 0 load pin(s).
Netlist sorting complete. Time (s): cpu = 00:00:00 ; elapsed = 00:00:00 . Memory (MB): peak = 2241.172 ; gain = 0.000 ; free physical = 7979 ; free virtual = 12703
INFO: [Project 1-111] Unisim Transformation Summary:
No Unisim elements were transformed.

Synth Design complete | Checksum: e9d0383e
INFO: [Common 17-83] Releasing license: Synthesis
25 Infos, 2 Warnings, 0 Critical Warnings and 0 Errors encountered.
synth_design completed successfully
synth_design: Time (s): cpu = 00:00:23 ; elapsed = 00:00:22 . Memory (MB): peak = 2241.172 ; gain = 890.887 ; free physical = 7979 ; free virtual = 12703
INFO: [Common 17-2834] synth_design peak Physical Memory [PSS] (MB): overall = 1804.489; main = 1488.927; forked = 375.396
INFO: [Common 17-2834] synth_design peak Virtual Memory [VSS] (MB): overall = 3210.707; main = 2225.168; forked = 985.539
INFO: [Common 17-600] The following parameters have non-default value.
tcl.collectionResultDisplayLimit
INFO: [Common 17-1381] The checkpoint '/home/stud2021/1kolanko/JOS/lab2/lab2/lab2.runs/synth_1/cnt.dcp' has been generated.
INFO: [runtcl-4] Executing : report_utilization -file cnt_utilization_synth.rpt -pb cnt_utilization_synth.pb
INFO: [Common 17-206] Exiting Vivado at Fri Mar 22 13:32:19 2024...
