#-----------------------------------------------------------
# Vivado v2020.2 (64-bit)
# SW Build 3064766 on Wed Nov 18 09:12:47 MST 2020
# IP Build 3064653 on Wed Nov 18 14:17:31 MST 2020
# Start of session at: Wed May 31 13:24:51 2023
# Process ID: 83147
# Current directory: /tmp/skoczen/oleds/OLEDmy
# Command line: vivado OLEDmy.xpr
# Log file: /tmp/skoczen/oleds/OLEDmy/vivado.log
# Journal file: /tmp/skoczen/oleds/OLEDmy/vivado.jou
#-----------------------------------------------------------
start_gui
open_project OLEDmy.xpr
INFO: [Project 1-313] Project file moved from '/home/skoczen/xilinx_vivado/oleds/OLEDmy' since last save.
Scanning sources...
Finished scanning sources
INFO: [IP_Flow 19-234] Refreshing IP repositories
INFO: [IP_Flow 19-1704] No user IP repositories specified
INFO: [IP_Flow 19-2313] Loaded Vivado IP repository '/local/home/cadmgr/2020.2/data/ip'.
INFO: [IP_Flow 19-3899] Cannot get the environment domain name variable for the component vendor name. Setting the vendor name to 'user.org'.
update_compile_order -fileset sources_1
reset_run synth_1
launch_runs impl_1 -to_step write_bitstream -jobs 3
[Wed May 31 13:25:54 2023] Launched synth_1...
Run output will be captured here: /tmp/skoczen/oleds/OLEDmy/OLEDmy.runs/synth_1/runme.log
[Wed May 31 13:25:54 2023] Launched impl_1...
Run output will be captured here: /tmp/skoczen/oleds/OLEDmy/OLEDmy.runs/impl_1/runme.log
open_hw_manager
connect_hw_server -allow_non_jtag
INFO: [Labtools 27-2285] Connecting to hw_server url TCP:localhost:3121
INFO: [Labtools 27-2222] Launching hw_server...
INFO: [Labtools 27-2221] Launch Output:

****** Xilinx hw_server v2020.2
  **** Build date : Nov 18 2020 at 09:50:49
    ** Copyright 1986-2020 Xilinx, Inc. All Rights Reserved.


INFO: [Labtools 27-3415] Connecting to cs_server url TCP:localhost:3042
INFO: [Labtools 27-3417] Launching cs_server...
INFO: [Labtools 27-2221] Launch Output:


******** Xilinx cs_server v2020.2
  ****** Build date   : Nov 03 2020-21:02:56
    **** Build number : 2020.2.1604437376
      ** Copyright 2017-2020 Xilinx, Inc. All Rights Reserved.



open_hw_target
INFO: [Labtoolstcl 44-466] Opening hw_target localhost:3121/xilinx_tcf/Digilent/210248AA5810
open_hw_target: Time (s): cpu = 00:00:03 ; elapsed = 00:00:05 . Memory (MB): peak = 8092.082 ; gain = 744.035 ; free physical = 10745 ; free virtual = 13099
set_property PROGRAM.FILE {/tmp/skoczen/oleds/OLEDmy/OLEDmy.runs/impl_1/oled_top.bit} [get_hw_devices xc7z020_1]
current_hw_device [get_hw_devices xc7z020_1]
refresh_hw_device -update_hw_probes false [lindex [get_hw_devices xc7z020_1] 0]
INFO: [Labtools 27-1434] Device xc7z020 (JTAG device index = 1) is programmed with a design that has no supported debug core(s) in it.
set_property PROBES.FILE {} [get_hw_devices xc7z020_1]
set_property FULL_PROBES.FILE {} [get_hw_devices xc7z020_1]
set_property PROGRAM.FILE {/tmp/skoczen/oleds/OLEDmy/OLEDmy.runs/impl_1/oled_top.bit} [get_hw_devices xc7z020_1]
program_hw_devices [get_hw_devices xc7z020_1]
INFO: [Labtools 27-3164] End of startup status: HIGH
refresh_hw_device [lindex [get_hw_devices xc7z020_1] 0]
INFO: [Labtools 27-1434] Device xc7z020 (JTAG device index = 1) is programmed with a design that has no supported debug core(s) in it.
export_ip_user_files -of_objects  [get_files /tmp/skoczen/oleds/OLEDmy/pixel_SSD1306.dat] -no_script -reset -force -quiet
remove_files  /tmp/skoczen/oleds/OLEDmy/pixel_SSD1306.dat
add_files -norecurse /tmp/skoczen/oleds/OLEDmy/pixel_SSD1306.mem
reset_run synth_1
launch_runs impl_1 -to_step write_bitstream -jobs 3
[Wed May 31 15:28:34 2023] Launched synth_1...
Run output will be captured here: /tmp/skoczen/oleds/OLEDmy/OLEDmy.runs/synth_1/runme.log
[Wed May 31 15:28:34 2023] Launched impl_1...
Run output will be captured here: /tmp/skoczen/oleds/OLEDmy/OLEDmy.runs/impl_1/runme.log
set_property PROBES.FILE {} [get_hw_devices xc7z020_1]
set_property FULL_PROBES.FILE {} [get_hw_devices xc7z020_1]
set_property PROGRAM.FILE {/tmp/skoczen/oleds/OLEDmy/OLEDmy.runs/impl_1/oled_top.bit} [get_hw_devices xc7z020_1]
program_hw_devices [get_hw_devices xc7z020_1]
INFO: [Labtools 27-3164] End of startup status: HIGH
refresh_hw_device [lindex [get_hw_devices xc7z020_1] 0]
INFO: [Labtools 27-1434] Device xc7z020 (JTAG device index = 1) is programmed with a design that has no supported debug core(s) in it.
set_property PROBES.FILE {} [get_hw_devices xc7z020_1]
set_property FULL_PROBES.FILE {} [get_hw_devices xc7z020_1]
set_property PROGRAM.FILE {/tmp/skoczen/oleds/OLEDmy/OLEDmy.runs/impl_1/oled_top.bit} [get_hw_devices xc7z020_1]
program_hw_devices [get_hw_devices xc7z020_1]
INFO: [Labtools 27-3164] End of startup status: HIGH
refresh_hw_device [lindex [get_hw_devices xc7z020_1] 0]
INFO: [Labtools 27-1434] Device xc7z020 (JTAG device index = 1) is programmed with a design that has no supported debug core(s) in it.
close_hw_manager
reset_run synth_1
exit
INFO: [Common 17-206] Exiting Vivado at Wed May 31 15:40:13 2023...
