#-----------------------------------------------------------
# Vivado v2018.2 (64-bit)
# SW Build 2258646 on Thu Jun 14 20:02:38 MDT 2018
# IP Build 2256618 on Thu Jun 14 22:10:49 MDT 2018
# Start of session at: Mon Nov 18 17:24:11 2019
# Process ID: 9048
# Current directory: /home/staff/skoczen/vivado_proj/OLEDmy
# Command line: vivado OLEDmy.xpr
# Log file: /home/staff/skoczen/vivado_proj/OLEDmy/vivado.log
# Journal file: /home/staff/skoczen/vivado_proj/OLEDmy/vivado.jou
#-----------------------------------------------------------
start_gui
open_project OLEDmy.xpr
INFO: [Project 1-313] Project file moved from '/home/skoczen/xilinx_vivado/OLEDmy' since last save.
Scanning sources...
Finished scanning sources
WARNING: [Project 1-231] Project 'OLEDmy.xpr' was created with a future version and may or may not perform reliably with this version of Vivado. It has been opened in read-only mode for the protection of unrecognized data. Use 'File | Save Project As...' if you wish to alter a copy of the project.
INFO: [IP_Flow 19-234] Refreshing IP repositories
INFO: [IP_Flow 19-1704] No user IP repositories specified
INFO: [IP_Flow 19-2313] Loaded Vivado IP repository '/fscache/skoczen/Vivado/2018.2/data/ip'.
open_project: Time (s): cpu = 00:00:11 ; elapsed = 00:00:06 . Memory (MB): peak = 6197.918 ; gain = 125.230 ; free physical = 120 ; free virtual = 7227
update_compile_order -fileset sources_1
save_project_as oled_my_3 /home/staff/skoczen/vivado_proj/oled_my_3 -force
import_files
INFO: [filemgmt 20-348] Importing the appropriate files for fileset: 'constrs_1'
INFO: [filemgmt 20-348] Importing the appropriate files for fileset: 'sources_1'
exit
INFO: [Common 17-206] Exiting Vivado at Mon Nov 18 17:26:16 2019...
